Arguments: 
  /usr/local/bin/node /usr/local/Cellar/yarn/1.17.3/libexec/bin/yarn.js link

PATH: 
  /usr/local/bin:/usr/bin:/bin:/usr/sbin:/sbin:/Users/lingga/Documents/Libraries/google-cloud-sdk/bin

Yarn version: 
  1.17.3

Node version: 
  10.15.3

Platform: 
  darwin x64

Trace: 
  Error: ENOENT: no such file or directory, symlink '../../../../Users/lingga/.config/yarn/link/ef-taskapp-cli-js/bin/ef-taskapp' -> '/usr/local/bin/@lilsatya/ef-taskapp-cli-js'

npm manifest: 
  {
    "name": "ef-taskapp-cli-js",
    "version": "0.0.1",
    "description": "Taskapp cli",
    "main": "index.js",
    "repository": "none",
    "author": "Lingga Satya Heryadi",
    "license": "MIT",
    "private": false,
    "bin": {
      "@lilsatya/ef-taskapp-cli-js": "./bin/ef-taskapp",
      "ef-taskapp": "./bin/ef-taskapp"
    },
    "publishConfig": {
      "access": "public"
    },
    "keywords": [
      "cli",
      "ef-taskapp"
    ],
    "dependencies": {
      "esm": "^3.2.25"
    }
  }

yarn manifest: 
  No manifest

Lockfile: 
  # THIS IS AN AUTOGENERATED FILE. DO NOT EDIT THIS FILE DIRECTLY.
  # yarn lockfile v1
  
  
  esm@^3.2.25:
    version "3.2.25"
    resolved "https://registry.yarnpkg.com/esm/-/esm-3.2.25.tgz#342c18c29d56157688ba5ce31f8431fbb795cc10"
    integrity sha512-U1suiZ2oDVWv4zPO56S0NcR5QriEahGtdN2OR6FiOG4WJvcjBVFB0qI4+eKoWFH483PKGuLuu6V8Z4T5g63UVA==
